12:34:06 **** Incremental Build of configuration Debug for project stm32f1xx_drivers ****
make -j8 all 
arm-none-eabi-gcc "../Src/007_SPI_Command_Handling.c" -mcpu=cortex-m3 -std=gnu11 -g3 -DSTM32 -DSTM32F1 -DSTM32F103C8Tx -DDEBUG -c -I../Inc -I"C:/Users/Daniela/Documents/Courses/Embedded_C/MCU1/Host_MCU1/stm32f1xx_drivers/drivers/Inc" -O0 -ffunction-sections -fdata-sections -Wall -fstack-usage -MMD -MP -MF"Src/007_SPI_Command_Handling.d" -MT"Src/007_SPI_Command_Handling.o" --specs=nano.specs -mfloat-abi=soft -mthumb -o "Src/007_SPI_Command_Handling.o"
../Src/007_SPI_Command_Handling.c: In function 'CMD_ID':
../Src/007_SPI_Command_Handling.c:280:16: warning: format '%d' expects argument of type 'int', but argument 2 has type 'uint8_t * {aka unsigned char *}' [-Wformat=]
   printf("ID: %d\n", id);
               ~^     ~~
               %hhn
arm-none-eabi-gcc -o "stm32f1xx_drivers.elf" @"objects.list"   -mcpu=cortex-m3 -T"C:\Users\Daniela\Documents\Courses\Embedded_C\MCU1\Host_MCU1\stm32f1xx_drivers\STM32F103C8TX_FLASH.ld" --specs=nosys.specs -Wl,-Map="stm32f1xx_drivers.map" -Wl,--gc-sections -static -specs=rdimon.specs -lc -lrdimon --specs=nano.specs -mfloat-abi=soft -mthumb -Wl,--start-group -lc -lm -Wl,--end-group
Finished building target: stm32f1xx_drivers.elf
 
arm-none-eabi-objdump -h -S  stm32f1xx_drivers.elf  > "stm32f1xx_drivers.list"
arm-none-eabi-objcopy  -O binary  stm32f1xx_drivers.elf  "stm32f1xx_drivers.bin"
arm-none-eabi-size   stm32f1xx_drivers.elf 
   text	   data	    bss	    dec	    hex	filename
   8956	    120	   1752	  10828	   2a4c	stm32f1xx_drivers.elf
Finished building: default.size.stdout
Finished building: stm32f1xx_drivers.bin
Finished building: stm32f1xx_drivers.list
 
 
 
12:34:10 **** Incremental Build of configuration Debug for project stm32f1xx_drivers ****
make -j8 all 
arm-none-eabi-size   stm32f1xx_drivers.elf 
   text	   data	    bss	    dec	    hex	filename
   8956	    120	   1752	  10828	   2a4c	stm32f1xx_drivers.elf
Finished building: default.size.stdout
 
